<?xml version="1.0" encoding="UTF-8"?>
<robot generator="Robot 4.1.2 (Python 3.9.7 on win32)" generated="20211213 23:29:52.835" rpa="false" schemaversion="2">
<suite id="s1" name="Tests" source="C:\Users\adrii\Desktop\SeleniumIDE &amp; RobotFramework Practice\tests">
<suite id="s1-s1" name="Login Test Cases" source="C:\Users\adrii\Desktop\SeleniumIDE &amp; RobotFramework Practice\tests\login_test_cases.robot">
<test id="s1-s1-t1" name="Successful user log in">
<kw name="Open Browser" library="SeleniumLibrary">
<arg>https://www.saucedemo.com/</arg>
<arg>chrome</arg>
<doc>Opens a new browser instance to the optional ``url``.</doc>
<msg timestamp="20211213 23:29:53.088" level="INFO">Opening browser 'chrome' to base url 'https://www.saucedemo.com/'.</msg>
<status status="PASS" starttime="20211213 23:29:53.088" endtime="20211213 23:29:55.838"/>
</kw>
<kw name="Page Should Contain Element" library="SeleniumLibrary">
<arg>login-button</arg>
<doc>Verifies that element ``locator`` is found on the current page.</doc>
<msg timestamp="20211213 23:29:55.876" level="INFO">Current page contains element 'login-button'.</msg>
<status status="PASS" starttime="20211213 23:29:55.840" endtime="20211213 23:29:55.876"/>
</kw>
<kw name="Input Text" library="SeleniumLibrary">
<arg>user-name</arg>
<arg>standard_user</arg>
<doc>Types the given ``text`` into the text field identified by ``locator``.</doc>
<msg timestamp="20211213 23:29:55.878" level="INFO">Typing text 'standard_user' into text field 'user-name'.</msg>
<status status="PASS" starttime="20211213 23:29:55.877" endtime="20211213 23:29:55.994"/>
</kw>
<kw name="Input Password" library="SeleniumLibrary">
<arg>password</arg>
<arg>secret_sauce</arg>
<doc>Types the given password into the text field identified by ``locator``.</doc>
<msg timestamp="20211213 23:29:55.995" level="INFO">Typing password into text field 'password'.</msg>
<msg timestamp="20211213 23:29:56.036" level="INFO">Temporally setting log level to: NONE</msg>
<msg timestamp="20211213 23:29:56.087" level="INFO">Log level changed from NONE to INFO.</msg>
<status status="PASS" starttime="20211213 23:29:55.995" endtime="20211213 23:29:56.087"/>
</kw>
<kw name="Click Button" library="SeleniumLibrary">
<arg>login-button</arg>
<doc>Clicks the button identified by ``locator``.</doc>
<msg timestamp="20211213 23:29:56.088" level="INFO">Clicking button 'login-button'.</msg>
<status status="PASS" starttime="20211213 23:29:56.088" endtime="20211213 23:29:56.209"/>
</kw>
<kw name="Element Text Should Be" library="SeleniumLibrary">
<arg>class:title</arg>
<arg>PRODUCTS</arg>
<doc>Verifies that element ``locator`` contains exact the text ``expected``.</doc>
<msg timestamp="20211213 23:29:56.210" level="INFO">Verifying element 'class:title' contains exact text 'PRODUCTS'.</msg>
<status status="PASS" starttime="20211213 23:29:56.209" endtime="20211213 23:29:56.242"/>
</kw>
<kw name="Close Browser" library="SeleniumLibrary" type="TEARDOWN">
<doc>Closes the current browser.</doc>
<status status="PASS" starttime="20211213 23:29:56.243" endtime="20211213 23:29:58.390"/>
</kw>
<status status="PASS" starttime="20211213 23:29:53.087" endtime="20211213 23:29:58.391"/>
</test>
<test id="s1-s1-t2" name="Unsuccessful user log in by a locked out user with wrong password">
<kw name="Open Browser" library="SeleniumLibrary">
<arg>https://www.saucedemo.com/</arg>
<arg>chrome</arg>
<doc>Opens a new browser instance to the optional ``url``.</doc>
<msg timestamp="20211213 23:29:58.396" level="INFO">Opening browser 'chrome' to base url 'https://www.saucedemo.com/'.</msg>
<status status="PASS" starttime="20211213 23:29:58.396" endtime="20211213 23:30:00.617"/>
</kw>
<kw name="Page Should Contain Element" library="SeleniumLibrary">
<arg>login-button</arg>
<doc>Verifies that element ``locator`` is found on the current page.</doc>
<msg timestamp="20211213 23:30:00.641" level="INFO">Current page contains element 'login-button'.</msg>
<status status="PASS" starttime="20211213 23:30:00.618" endtime="20211213 23:30:00.641"/>
</kw>
<kw name="Input Text" library="SeleniumLibrary">
<arg>user-name</arg>
<arg>locked_out_user</arg>
<doc>Types the given ``text`` into the text field identified by ``locator``.</doc>
<msg timestamp="20211213 23:30:00.642" level="INFO">Typing text 'locked_out_user' into text field 'user-name'.</msg>
<status status="PASS" starttime="20211213 23:30:00.642" endtime="20211213 23:30:00.783"/>
</kw>
<kw name="Input Password" library="SeleniumLibrary">
<arg>password</arg>
<arg>wrong_password</arg>
<doc>Types the given password into the text field identified by ``locator``.</doc>
<msg timestamp="20211213 23:30:00.784" level="INFO">Typing password into text field 'password'.</msg>
<msg timestamp="20211213 23:30:00.835" level="INFO">Temporally setting log level to: NONE</msg>
<msg timestamp="20211213 23:30:00.903" level="INFO">Log level changed from NONE to INFO.</msg>
<status status="PASS" starttime="20211213 23:30:00.784" endtime="20211213 23:30:00.903"/>
</kw>
<kw name="Click Button" library="SeleniumLibrary">
<arg>login-button</arg>
<doc>Clicks the button identified by ``locator``.</doc>
<msg timestamp="20211213 23:30:00.905" level="INFO">Clicking button 'login-button'.</msg>
<status status="PASS" starttime="20211213 23:30:00.904" endtime="20211213 23:30:00.980"/>
</kw>
<kw name="Element Text Should Be" library="SeleniumLibrary">
<arg>class:error-message-container</arg>
<arg>Epic sadface: Username and password do not match any user in this service</arg>
<doc>Verifies that element ``locator`` contains exact the text ``expected``.</doc>
<msg timestamp="20211213 23:30:00.981" level="INFO">Verifying element 'class:error-message-container' contains exact text 'Epic sadface: Username and password do not match any user in this service'.</msg>
<status status="PASS" starttime="20211213 23:30:00.980" endtime="20211213 23:30:01.016"/>
</kw>
<kw name="Close Browser" library="SeleniumLibrary" type="TEARDOWN">
<doc>Closes the current browser.</doc>
<status status="PASS" starttime="20211213 23:30:01.017" endtime="20211213 23:30:03.189"/>
</kw>
<status status="PASS" starttime="20211213 23:29:58.394" endtime="20211213 23:30:03.191"/>
</test>
<test id="s1-s1-t3" name="Logged in as problem user and sees a broken inventory page">
<kw name="Open Browser" library="SeleniumLibrary">
<arg>https://www.saucedemo.com/</arg>
<arg>chrome</arg>
<doc>Opens a new browser instance to the optional ``url``.</doc>
<msg timestamp="20211213 23:30:03.196" level="INFO">Opening browser 'chrome' to base url 'https://www.saucedemo.com/'.</msg>
<status status="PASS" starttime="20211213 23:30:03.196" endtime="20211213 23:30:06.639"/>
</kw>
<kw name="Page Should Contain Element" library="SeleniumLibrary">
<arg>login-button</arg>
<doc>Verifies that element ``locator`` is found on the current page.</doc>
<msg timestamp="20211213 23:30:06.658" level="INFO">Current page contains element 'login-button'.</msg>
<status status="PASS" starttime="20211213 23:30:06.639" endtime="20211213 23:30:06.658"/>
</kw>
<kw name="Input Text" library="SeleniumLibrary">
<arg>user-name</arg>
<arg>problem_user</arg>
<doc>Types the given ``text`` into the text field identified by ``locator``.</doc>
<msg timestamp="20211213 23:30:06.659" level="INFO">Typing text 'problem_user' into text field 'user-name'.</msg>
<status status="PASS" starttime="20211213 23:30:06.659" endtime="20211213 23:30:06.777"/>
</kw>
<kw name="Input Password" library="SeleniumLibrary">
<arg>password</arg>
<arg>secret_sauce</arg>
<doc>Types the given password into the text field identified by ``locator``.</doc>
<msg timestamp="20211213 23:30:06.778" level="INFO">Typing password into text field 'password'.</msg>
<msg timestamp="20211213 23:30:06.826" level="INFO">Temporally setting log level to: NONE</msg>
<msg timestamp="20211213 23:30:06.895" level="INFO">Log level changed from NONE to INFO.</msg>
<status status="PASS" starttime="20211213 23:30:06.777" endtime="20211213 23:30:06.896"/>
</kw>
<kw name="Click Button" library="SeleniumLibrary">
<arg>login-button</arg>
<doc>Clicks the button identified by ``locator``.</doc>
<msg timestamp="20211213 23:30:06.897" level="INFO">Clicking button 'login-button'.</msg>
<status status="PASS" starttime="20211213 23:30:06.896" endtime="20211213 23:30:07.034"/>
</kw>
<kw name="Element Should Contain" library="SeleniumLibrary">
<arg>class:inventory_item_desc</arg>
<arg>carry.allTheThings()</arg>
<doc>Verifies that element ``locator`` contains text ``expected``.</doc>
<msg timestamp="20211213 23:30:07.062" level="INFO">Element 'class:inventory_item_desc' contains text 'carry.allTheThings()'.</msg>
<status status="PASS" starttime="20211213 23:30:07.034" endtime="20211213 23:30:07.062"/>
</kw>
<kw name="Element Should Contain" library="SeleniumLibrary">
<arg>css:a#item_3_title_link .inventory_item_name</arg>
<arg>Test.allTheThings()</arg>
<doc>Verifies that element ``locator`` contains text ``expected``.</doc>
<msg timestamp="20211213 23:30:07.092" level="INFO">Element 'css:a#item_3_title_link .inventory_item_name' contains text 'Test.allTheThings()'.</msg>
<status status="PASS" starttime="20211213 23:30:07.063" endtime="20211213 23:30:07.092"/>
</kw>
<kw name="Close Browser" library="SeleniumLibrary" type="TEARDOWN">
<doc>Closes the current browser.</doc>
<status status="PASS" starttime="20211213 23:30:07.092" endtime="20211213 23:30:09.230"/>
</kw>
<status status="PASS" starttime="20211213 23:30:03.194" endtime="20211213 23:30:09.231"/>
</test>
<doc>This test follows the example using keywords from
the SeleniumLibrary</doc>
<status status="PASS" starttime="20211213 23:29:52.868" endtime="20211213 23:30:09.236"/>
</suite>
<suite id="s1-s2" name="Sort Products" source="C:\Users\adrii\Desktop\SeleniumIDE &amp; RobotFramework Practice\tests\sort_products.robot">
<test id="s1-s2-t1" name="Sort product name (A to Z)">
<kw name="Open Browser" library="SeleniumLibrary">
<arg>https://www.saucedemo.com/</arg>
<arg>chrome</arg>
<doc>Opens a new browser instance to the optional ``url``.</doc>
<msg timestamp="20211213 23:30:09.255" level="INFO">Opening browser 'chrome' to base url 'https://www.saucedemo.com/'.</msg>
<status status="PASS" starttime="20211213 23:30:09.255" endtime="20211213 23:30:11.574"/>
</kw>
<kw name="Page Should Contain Element" library="SeleniumLibrary">
<arg>login-button</arg>
<doc>Verifies that element ``locator`` is found on the current page.</doc>
<msg timestamp="20211213 23:30:11.596" level="INFO">Current page contains element 'login-button'.</msg>
<status status="PASS" starttime="20211213 23:30:11.575" endtime="20211213 23:30:11.596"/>
</kw>
<kw name="Input Text" library="SeleniumLibrary">
<arg>user-name</arg>
<arg>standard_user</arg>
<doc>Types the given ``text`` into the text field identified by ``locator``.</doc>
<msg timestamp="20211213 23:30:11.597" level="INFO">Typing text 'standard_user' into text field 'user-name'.</msg>
<status status="PASS" starttime="20211213 23:30:11.597" endtime="20211213 23:30:11.734"/>
</kw>
<kw name="Input Password" library="SeleniumLibrary">
<arg>password</arg>
<arg>secret_sauce</arg>
<doc>Types the given password into the text field identified by ``locator``.</doc>
<msg timestamp="20211213 23:30:11.735" level="INFO">Typing password into text field 'password'.</msg>
<msg timestamp="20211213 23:30:11.783" level="INFO">Temporally setting log level to: NONE</msg>
<msg timestamp="20211213 23:30:11.842" level="INFO">Log level changed from NONE to INFO.</msg>
<status status="PASS" starttime="20211213 23:30:11.734" endtime="20211213 23:30:11.842"/>
</kw>
<kw name="Click Button" library="SeleniumLibrary">
<arg>login-button</arg>
<doc>Clicks the button identified by ``locator``.</doc>
<msg timestamp="20211213 23:30:11.843" level="INFO">Clicking button 'login-button'.</msg>
<status status="PASS" starttime="20211213 23:30:11.843" endtime="20211213 23:30:11.988"/>
</kw>
<kw name="Select From List By Value" library="SeleniumLibrary">
<arg>class:product_sort_container</arg>
<arg>az</arg>
<doc>Selects options from selection list ``locator`` by ``values``.</doc>
<msg timestamp="20211213 23:30:11.990" level="INFO">Selecting options from selection list 'class:product_sort_container' by value az.</msg>
<status status="PASS" starttime="20211213 23:30:11.990" endtime="20211213 23:30:12.178"/>
</kw>
<kw name="Close Browser" library="SeleniumLibrary" type="TEARDOWN">
<doc>Closes the current browser.</doc>
<status status="PASS" starttime="20211213 23:30:12.179" endtime="20211213 23:30:14.307"/>
</kw>
<status status="PASS" starttime="20211213 23:30:09.253" endtime="20211213 23:30:14.309"/>
</test>
<test id="s1-s2-t2" name="Sort product name (Z to A)">
<kw name="Open Browser" library="SeleniumLibrary">
<arg>https://www.saucedemo.com/</arg>
<arg>chrome</arg>
<doc>Opens a new browser instance to the optional ``url``.</doc>
<msg timestamp="20211213 23:30:14.315" level="INFO">Opening browser 'chrome' to base url 'https://www.saucedemo.com/'.</msg>
<status status="PASS" starttime="20211213 23:30:14.314" endtime="20211213 23:30:16.546"/>
</kw>
<kw name="Page Should Contain Element" library="SeleniumLibrary">
<arg>login-button</arg>
<doc>Verifies that element ``locator`` is found on the current page.</doc>
<msg timestamp="20211213 23:30:16.565" level="INFO">Current page contains element 'login-button'.</msg>
<status status="PASS" starttime="20211213 23:30:16.547" endtime="20211213 23:30:16.565"/>
</kw>
<kw name="Input Text" library="SeleniumLibrary">
<arg>user-name</arg>
<arg>standard_user</arg>
<doc>Types the given ``text`` into the text field identified by ``locator``.</doc>
<msg timestamp="20211213 23:30:16.567" level="INFO">Typing text 'standard_user' into text field 'user-name'.</msg>
<status status="PASS" starttime="20211213 23:30:16.566" endtime="20211213 23:30:16.696"/>
</kw>
<kw name="Input Password" library="SeleniumLibrary">
<arg>password</arg>
<arg>secret_sauce</arg>
<doc>Types the given password into the text field identified by ``locator``.</doc>
<msg timestamp="20211213 23:30:16.697" level="INFO">Typing password into text field 'password'.</msg>
<msg timestamp="20211213 23:30:16.749" level="INFO">Temporally setting log level to: NONE</msg>
<msg timestamp="20211213 23:30:16.817" level="INFO">Log level changed from NONE to INFO.</msg>
<status status="PASS" starttime="20211213 23:30:16.696" endtime="20211213 23:30:16.817"/>
</kw>
<kw name="Click Button" library="SeleniumLibrary">
<arg>login-button</arg>
<doc>Clicks the button identified by ``locator``.</doc>
<msg timestamp="20211213 23:30:16.817" level="INFO">Clicking button 'login-button'.</msg>
<status status="PASS" starttime="20211213 23:30:16.817" endtime="20211213 23:30:16.999"/>
</kw>
<kw name="Select From List By Value" library="SeleniumLibrary">
<arg>class:product_sort_container</arg>
<arg>za</arg>
<doc>Selects options from selection list ``locator`` by ``values``.</doc>
<msg timestamp="20211213 23:30:17.001" level="INFO">Selecting options from selection list 'class:product_sort_container' by value za.</msg>
<status status="PASS" starttime="20211213 23:30:17.000" endtime="20211213 23:30:17.198"/>
</kw>
<kw name="Close Browser" library="SeleniumLibrary" type="TEARDOWN">
<doc>Closes the current browser.</doc>
<status status="PASS" starttime="20211213 23:30:17.199" endtime="20211213 23:30:19.345"/>
</kw>
<status status="PASS" starttime="20211213 23:30:14.312" endtime="20211213 23:30:19.347"/>
</test>
<test id="s1-s2-t3" name="Sort product price (low to high))">
<kw name="Open Browser" library="SeleniumLibrary">
<arg>https://www.saucedemo.com/</arg>
<arg>chrome</arg>
<doc>Opens a new browser instance to the optional ``url``.</doc>
<msg timestamp="20211213 23:30:19.354" level="INFO">Opening browser 'chrome' to base url 'https://www.saucedemo.com/'.</msg>
<status status="PASS" starttime="20211213 23:30:19.353" endtime="20211213 23:30:21.656"/>
</kw>
<kw name="Page Should Contain Element" library="SeleniumLibrary">
<arg>login-button</arg>
<doc>Verifies that element ``locator`` is found on the current page.</doc>
<msg timestamp="20211213 23:30:21.677" level="INFO">Current page contains element 'login-button'.</msg>
<status status="PASS" starttime="20211213 23:30:21.657" endtime="20211213 23:30:21.677"/>
</kw>
<kw name="Input Text" library="SeleniumLibrary">
<arg>user-name</arg>
<arg>standard_user</arg>
<doc>Types the given ``text`` into the text field identified by ``locator``.</doc>
<msg timestamp="20211213 23:30:21.678" level="INFO">Typing text 'standard_user' into text field 'user-name'.</msg>
<status status="PASS" starttime="20211213 23:30:21.678" endtime="20211213 23:30:21.829"/>
</kw>
<kw name="Input Password" library="SeleniumLibrary">
<arg>password</arg>
<arg>secret_sauce</arg>
<doc>Types the given password into the text field identified by ``locator``.</doc>
<msg timestamp="20211213 23:30:21.830" level="INFO">Typing password into text field 'password'.</msg>
<msg timestamp="20211213 23:30:21.882" level="INFO">Temporally setting log level to: NONE</msg>
<msg timestamp="20211213 23:30:21.943" level="INFO">Log level changed from NONE to INFO.</msg>
<status status="PASS" starttime="20211213 23:30:21.830" endtime="20211213 23:30:21.943"/>
</kw>
<kw name="Click Button" library="SeleniumLibrary">
<arg>login-button</arg>
<doc>Clicks the button identified by ``locator``.</doc>
<msg timestamp="20211213 23:30:21.944" level="INFO">Clicking button 'login-button'.</msg>
<status status="PASS" starttime="20211213 23:30:21.943" endtime="20211213 23:30:22.116"/>
</kw>
<kw name="Select From List By Value" library="SeleniumLibrary">
<arg>class:product_sort_container</arg>
<arg>lohi</arg>
<doc>Selects options from selection list ``locator`` by ``values``.</doc>
<msg timestamp="20211213 23:30:22.117" level="INFO">Selecting options from selection list 'class:product_sort_container' by value lohi.</msg>
<status status="PASS" starttime="20211213 23:30:22.117" endtime="20211213 23:30:22.346"/>
</kw>
<kw name="Close Browser" library="SeleniumLibrary" type="TEARDOWN">
<doc>Closes the current browser.</doc>
<status status="PASS" starttime="20211213 23:30:22.347" endtime="20211213 23:30:24.490"/>
</kw>
<status status="PASS" starttime="20211213 23:30:19.351" endtime="20211213 23:30:24.491"/>
</test>
<test id="s1-s2-t4" name="Sort product price (high to low)">
<kw name="Open Browser" library="SeleniumLibrary">
<arg>https://www.saucedemo.com/</arg>
<arg>chrome</arg>
<doc>Opens a new browser instance to the optional ``url``.</doc>
<msg timestamp="20211213 23:30:24.498" level="INFO">Opening browser 'chrome' to base url 'https://www.saucedemo.com/'.</msg>
<status status="PASS" starttime="20211213 23:30:24.497" endtime="20211213 23:30:26.767"/>
</kw>
<kw name="Page Should Contain Element" library="SeleniumLibrary">
<arg>login-button</arg>
<doc>Verifies that element ``locator`` is found on the current page.</doc>
<msg timestamp="20211213 23:30:26.798" level="INFO">Current page contains element 'login-button'.</msg>
<status status="PASS" starttime="20211213 23:30:26.768" endtime="20211213 23:30:26.798"/>
</kw>
<kw name="Input Text" library="SeleniumLibrary">
<arg>user-name</arg>
<arg>standard_user</arg>
<doc>Types the given ``text`` into the text field identified by ``locator``.</doc>
<msg timestamp="20211213 23:30:26.800" level="INFO">Typing text 'standard_user' into text field 'user-name'.</msg>
<status status="PASS" starttime="20211213 23:30:26.800" endtime="20211213 23:30:26.962"/>
</kw>
<kw name="Input Password" library="SeleniumLibrary">
<arg>password</arg>
<arg>secret_sauce</arg>
<doc>Types the given password into the text field identified by ``locator``.</doc>
<msg timestamp="20211213 23:30:26.963" level="INFO">Typing password into text field 'password'.</msg>
<msg timestamp="20211213 23:30:27.023" level="INFO">Temporally setting log level to: NONE</msg>
<msg timestamp="20211213 23:30:27.102" level="INFO">Log level changed from NONE to INFO.</msg>
<status status="PASS" starttime="20211213 23:30:26.963" endtime="20211213 23:30:27.103"/>
</kw>
<kw name="Click Button" library="SeleniumLibrary">
<arg>login-button</arg>
<doc>Clicks the button identified by ``locator``.</doc>
<msg timestamp="20211213 23:30:27.104" level="INFO">Clicking button 'login-button'.</msg>
<status status="PASS" starttime="20211213 23:30:27.103" endtime="20211213 23:30:27.302"/>
</kw>
<kw name="Select From List By Value" library="SeleniumLibrary">
<arg>class:product_sort_container</arg>
<arg>hilo</arg>
<doc>Selects options from selection list ``locator`` by ``values``.</doc>
<msg timestamp="20211213 23:30:27.303" level="INFO">Selecting options from selection list 'class:product_sort_container' by value hilo.</msg>
<status status="PASS" starttime="20211213 23:30:27.303" endtime="20211213 23:30:27.489"/>
</kw>
<kw name="Close Browser" library="SeleniumLibrary" type="TEARDOWN">
<doc>Closes the current browser.</doc>
<status status="PASS" starttime="20211213 23:30:27.490" endtime="20211213 23:30:29.638"/>
</kw>
<status status="PASS" starttime="20211213 23:30:24.495" endtime="20211213 23:30:29.639"/>
</test>
<doc>This test follows the example using keywords from
the SeleniumLibrary</doc>
<status status="PASS" starttime="20211213 23:30:09.242" endtime="20211213 23:30:29.644"/>
</suite>
<status status="PASS" starttime="20211213 23:29:52.836" endtime="20211213 23:30:29.653"/>
</suite>
<statistics>
<total>
<stat pass="7" fail="0" skip="0">All Tests</stat>
</total>
<tag>
</tag>
<suite>
<stat pass="7" fail="0" skip="0" id="s1" name="Tests">Tests</stat>
<stat pass="3" fail="0" skip="0" id="s1-s1" name="Login Test Cases">Tests.Login Test Cases</stat>
<stat pass="4" fail="0" skip="0" id="s1-s2" name="Sort Products">Tests.Sort Products</stat>
</suite>
</statistics>
<errors>
</errors>
</robot>
